<?xml version="1.0" encoding="UTF-8"?>
<!-- Generated by org.testng.reporters.JUnitXMLReporter -->
<testsuite ignored="1" hostname="LAPTOP-A7SUVKM6" failures="0" tests="8" name="Default test" time="11.753" errors="0" timestamp="2022-06-13T18:59:25 IST">
  <testcase classname="com.inventory.VendorTest" name="launchInventoryMS" time="6.4"/>
  <testcase classname="com.inventory.VendorTest" name="vendorlogin" time="0.106"/>
  <testcase classname="com.inventory.VendorTest" name="vregister" time="0.089"/>
  <testcase classname="com.inventory.VendorTest" name="register" time="0.573"/>
  <testcase classname="com.inventory.VendorTest" name="alert1" time="2.027"/>
  <testcase classname="com.inventory.VendorTest" name="login" time="0.309"/>
  <testcase classname="com.inventory.VendorTest" name="alert" time="2.021"/>
  <testcase classname="com.inventory.VendorTest" name="clickviewsales" time="0.161"/>
  <testcase classname="com.inventory.VendorTest" name="welcome" time="0.0">
    <ignored/>
  </testcase> <!-- welcome -->
</testsuite> <!-- Default test -->
